Using pre-set license
Built from '2021.3/staging' branch; Version is '2021.3.14f1 (eee1884e7226) revision 15655304'; Using compiler version '192829333'; Build Type 'Release'
OS: 'Windows 11  (10.0.22621) 64bit CoreSingleLanguage' Language: 'en' Physical Memory: 15711 MB
BatchMode: 1, IsHumanControllingUs: 0, StartBugReporterOnCrash: 0, Is64bit: 1, IsPro: 1

COMMAND LINE ARGUMENTS:
C:\Program Files\Unity\Hub\Editor\2021.3.14f1\Editor\Unity.exe
-adb2
-batchMode
-noUpm
-name
AssetImportWorker1
-projectPath
D:/Github/Tugas Intern Skolla/Tugas Intern Skolla
-logFile
Logs/AssetImportWorker1.log
-srvPort
52142
Successfully changed project path to: D:/Github/Tugas Intern Skolla/Tugas Intern Skolla
D:/Github/Tugas Intern Skolla/Tugas Intern Skolla
[UnityMemory] Configuration Parameters - Can be set up in boot.config
    "memorysetup-bucket-allocator-granularity=16"
    "memorysetup-bucket-allocator-bucket-count=8"
    "memorysetup-bucket-allocator-block-size=33554432"
    "memorysetup-bucket-allocator-block-count=8"
    "memorysetup-main-allocator-block-size=16777216"
    "memorysetup-thread-allocator-block-size=16777216"
    "memorysetup-gfx-main-allocator-block-size=16777216"
    "memorysetup-gfx-thread-allocator-block-size=16777216"
    "memorysetup-cache-allocator-block-size=4194304"
    "memorysetup-typetree-allocator-block-size=2097152"
    "memorysetup-profiler-bucket-allocator-granularity=16"
    "memorysetup-profiler-bucket-allocator-bucket-count=8"
    "memorysetup-profiler-bucket-allocator-block-size=33554432"
    "memorysetup-profiler-bucket-allocator-block-count=8"
    "memorysetup-profiler-allocator-block-size=16777216"
    "memorysetup-profiler-editor-allocator-block-size=1048576"
    "memorysetup-temp-allocator-size-main=16777216"
    "memorysetup-job-temp-allocator-block-size=2097152"
    "memorysetup-job-temp-allocator-block-size-background=1048576"
    "memorysetup-job-temp-allocator-reduction-small-platforms=262144"
    "memorysetup-temp-allocator-size-background-worker=32768"
    "memorysetup-temp-allocator-size-job-worker=262144"
    "memorysetup-temp-allocator-size-preload-manager=33554432"
    "memorysetup-temp-allocator-size-nav-mesh-worker=65536"
    "memorysetup-temp-allocator-size-audio-worker=65536"
    "memorysetup-temp-allocator-size-cloud-worker=32768"
    "memorysetup-temp-allocator-size-gi-baking-worker=262144"
    "memorysetup-temp-allocator-size-gfx=262144"
Refreshing native plugins compatible for Editor in 169.42 ms, found 3 plugins.
Preloading 0 native plugins for Editor in 0.00 ms.
Initialize engine version: 2021.3.14f1 (eee1884e7226)
[Subsystems] Discovering subsystems at path C:/Program Files/Unity/Hub/Editor/2021.3.14f1/Editor/Data/Resources/UnitySubsystems
[Subsystems] Discovering subsystems at path D:/Github/Tugas Intern Skolla/Tugas Intern Skolla/Assets
GfxDevice: creating device client; threaded=0; jobified=0
Direct3D:
    Version:  Direct3D 11.0 [level 11.1]
    Renderer: NVIDIA GeForce RTX 3050 Laptop GPU (ID=0x25a2)
    Vendor:   NVIDIA
    VRAM:     3977 MB
    Driver:   31.0.15.2892
Initialize mono
Mono path[0] = 'C:/Program Files/Unity/Hub/Editor/2021.3.14f1/Editor/Data/Managed'
Mono path[1] = 'C:/Program Files/Unity/Hub/Editor/2021.3.14f1/Editor/Data/MonoBleedingEdge/lib/mono/unityjit-win32'
Mono config path = 'C:/Program Files/Unity/Hub/Editor/2021.3.14f1/Editor/Data/MonoBleedingEdge/etc'
Using monoOptions --debugger-agent=transport=dt_socket,embedding=1,server=y,suspend=n,address=127.0.0.1:56528
Begin MonoManager ReloadAssembly
Registering precompiled unity dll's ...
Register platform support module: C:/Program Files/Unity/Hub/Editor/2021.3.14f1/Editor/Data/PlaybackEngines/WindowsStandaloneSupport/UnityEditor.WindowsStandalone.Extensions.dll
Registered in 0.008824 seconds.
Native extension for WindowsStandalone target not found
Refreshing native plugins compatible for Editor in 193.21 ms, found 3 plugins.
Preloading 0 native plugins for Editor in 0.00 ms.
Mono: successfully reloaded assembly
- Completed reload, in  1.354 seconds
Domain Reload Profiling:
	ReloadAssembly (1355ms)
		BeginReloadAssembly (197ms)
			ExecutionOrderSort (0ms)
			DisableScriptedObjects (0ms)
			BackupInstance (0ms)
			ReleaseScriptingObjects (0ms)
			CreateAndSetChildDomain (2ms)
		EndReloadAssembly (937ms)
			LoadAssemblies (193ms)
			RebuildTransferFunctionScriptingTraits (0ms)
			SetupTypeCache (218ms)
			ReleaseScriptCaches (0ms)
			RebuildScriptCaches (46ms)
			SetupLoadedEditorAssemblies (555ms)
				LogAssemblyErrors (0ms)
				InitializePlatformSupportModulesInManaged (14ms)
				SetLoadedEditorAssemblies (0ms)
				RefreshPlugins (193ms)
				BeforeProcessingInitializeOnLoad (2ms)
				ProcessInitializeOnLoadAttributes (254ms)
				ProcessInitializeOnLoadMethodAttributes (91ms)
				AfterProcessingInitializeOnLoad (0ms)
				EditorAssembliesLoaded (0ms)
			ExecutionOrderSort2 (0ms)
			AwakeInstancesAfterBackupRestoration (0ms)
Platform modules already initialized, skipping
Registering precompiled user dll's ...
Registered in 0.006788 seconds.
Begin MonoManager ReloadAssembly
Symbol file LoadedFromMemory doesn't match image D:\Github\Tugas Intern Skolla\Tugas Intern Skolla\Library\PackageCache\com.unity.visualscripting@1.7.8\Editor\VisualScripting.Core\Dependencies\YamlDotNet\Unity.VisualScripting.YamlDotNet.dll
Symbol file LoadedFromMemory doesn't match image D:\Github\Tugas Intern Skolla\Tugas Intern Skolla\Library\PackageCache\com.unity.visualscripting@1.7.8\Editor\VisualScripting.Core\Dependencies\DotNetZip\Unity.VisualScripting.IonicZip.dll
Native extension for WindowsStandalone target not found
Refreshing native plugins compatible for Editor in 1.18 ms, found 3 plugins.
Preloading 0 native plugins for Editor in 0.00 ms.
Mono: successfully reloaded assembly
- Completed reload, in  2.305 seconds
Domain Reload Profiling:
	ReloadAssembly (2307ms)
		BeginReloadAssembly (221ms)
			ExecutionOrderSort (0ms)
			DisableScriptedObjects (12ms)
			BackupInstance (0ms)
			ReleaseScriptingObjects (0ms)
			CreateAndSetChildDomain (35ms)
		EndReloadAssembly (1813ms)
			LoadAssemblies (202ms)
			RebuildTransferFunctionScriptingTraits (0ms)
			SetupTypeCache (556ms)
			ReleaseScriptCaches (1ms)
			RebuildScriptCaches (135ms)
			SetupLoadedEditorAssemblies (804ms)
				LogAssemblyErrors (0ms)
				InitializePlatformSupportModulesInManaged (12ms)
				SetLoadedEditorAssemblies (1ms)
				RefreshPlugins (1ms)
				BeforeProcessingInitializeOnLoad (194ms)
				ProcessInitializeOnLoadAttributes (535ms)
				ProcessInitializeOnLoadMethodAttributes (50ms)
				AfterProcessingInitializeOnLoad (12ms)
				EditorAssembliesLoaded (0ms)
			ExecutionOrderSort2 (0ms)
			AwakeInstancesAfterBackupRestoration (11ms)
Platform modules already initialized, skipping
========================================================================
Worker process is ready to serve import requests
Launched and connected shader compiler UnityShaderCompiler.exe after 0.11 seconds
Refreshing native plugins compatible for Editor in 1.15 ms, found 3 plugins.
Preloading 0 native plugins for Editor in 0.00 ms.
Unloading 4012 Unused Serialized files (Serialized files now loaded: 0)
Unloading 39 unused Assets / (167.7 KB). Loaded Objects now: 4483.
Memory consumption went from 147.0 MB to 146.9 MB.
Total: 8.968300 ms (FindLiveObjects: 0.801900 ms CreateObjectMapping: 0.360100 ms MarkObjects: 7.501700 ms  DeleteObjects: 0.302200 ms)

AssetImportParameters requested are different than current active one (requested -> active):
  custom:video-decoder-ogg-theora: a1e56fd34408186e4bbccfd4996cb3dc -> 
  custom:container-muxer-webm: aa71ff27fc2769a1b78a27578f13a17b -> 
  custom:container-demuxer-webm: 4f35f7cbe854078d1ac9338744f61a02 -> 
  custom:video-encoder-webm-vp8: eb34c28f22e8b96e1ab97ce403110664 -> 
  custom:audio-encoder-webm-vorbis: bf7c407c2cedff20999df2af8eb42d56 -> 
  custom:framework-win-MediaFoundation: 216162199b28c13a410421893ffa2e32 -> 
  custom:container-demuxer-ogg: 62fdf1f143b41e24485cea50d1cbac27 -> 
  custom:video-decoder-webm-vp8: 9c59270c3fd7afecdb556c50c9e8de78 -> 
  custom:audio-decoder-ogg-vorbis: bf7c407c2cedff20999df2af8eb42d56 -> 
========================================================================
Received Import Request.
  Time since last request: 27608.743124 seconds.
  path: Assets/AncientRuins
  artifactKey: Guid(081f515680cd54f4fbb1528f410860b7) Importer(815301076,1909f56bfc062723c751e8b465ee728b)
Start importing Assets/AncientRuins using Guid(081f515680cd54f4fbb1528f410860b7) Importer(815301076,1909f56bfc062723c751e8b465ee728b)  -> (artifact id: '737c837d5b550c5b3f8c4fc7cc0b186b') in 0.023820 seconds 
========================================================================
Received Import Request.
  Time since last request: 0.000030 seconds.
  path: Assets/AncientRuins/Prefabs/P_AncientRuins_Plants10.prefab
  artifactKey: Guid(585eb0bf38b0bfb4fbdb1702ed319ed8) Importer(815301076,1909f56bfc062723c751e8b465ee728b)
Start importing Assets/AncientRuins/Prefabs/P_AncientRuins_Plants10.prefab using Guid(585eb0bf38b0bfb4fbdb1702ed319ed8) Importer(815301076,1909f56bfc062723c751e8b465ee728b)  -> (artifact id: '26d7e0403c98dfa19c5be1c1288d4975') in 1.948320 seconds 
========================================================================
Received Import Request.
  Time since last request: 0.000035 seconds.
  path: Assets/AncientRuins/Prefabs/P_AncientRuins_Plants15.prefab
  artifactKey: Guid(492945940d020be4bb8213fd03abc104) Importer(815301076,1909f56bfc062723c751e8b465ee728b)
Start importing Assets/AncientRuins/Prefabs/P_AncientRuins_Plants15.prefab using Guid(492945940d020be4bb8213fd03abc104) Importer(815301076,1909f56bfc062723c751e8b465ee728b)  -> (artifact id: 'cc4d4b6e6745bd6a60d50097aab749fb') in 0.045991 seconds 
========================================================================
Received Import Request.
  Time since last request: 0.000078 seconds.
  path: Assets/AncientRuins/Prefabs/P_AncientRuins_Sword.prefab
  artifactKey: Guid(c30be702f1b236d4da5c71ec8c8d61c3) Importer(815301076,1909f56bfc062723c751e8b465ee728b)
Start importing Assets/AncientRuins/Prefabs/P_AncientRuins_Sword.prefab using Guid(c30be702f1b236d4da5c71ec8c8d61c3) Importer(815301076,1909f56bfc062723c751e8b465ee728b)  -> (artifact id: 'd431dc879382ef4f20f3c01673bb6879') in 0.099205 seconds 
========================================================================
Received Import Request.
  Time since last request: 0.000037 seconds.
  path: Assets/AncientRuins/Prefabs/P_AncientRuins_Plants2.prefab
  artifactKey: Guid(3115b4016b9913d42a0beb6089ecc29b) Importer(815301076,1909f56bfc062723c751e8b465ee728b)
Start importing Assets/AncientRuins/Prefabs/P_AncientRuins_Plants2.prefab using Guid(3115b4016b9913d42a0beb6089ecc29b) Importer(815301076,1909f56bfc062723c751e8b465ee728b)  -> (artifact id: 'a869b8ef3a26d468c1e816bfdbf3531d') in 0.036405 seconds 
========================================================================
Received Import Request.
  Time since last request: 0.000036 seconds.
  path: Assets/AncientRuins/Prefabs/P_AncientRuins_Rock4.prefab
  artifactKey: Guid(865743adce956574b94f88404924b5a0) Importer(815301076,1909f56bfc062723c751e8b465ee728b)
Start importing Assets/AncientRuins/Prefabs/P_AncientRuins_Rock4.prefab using Guid(865743adce956574b94f88404924b5a0) Importer(815301076,1909f56bfc062723c751e8b465ee728b)  -> (artifact id: 'b234b40fcd23ee79cea21e3b83210bdd') in 0.038518 seconds 
========================================================================
Received Import Request.
  Time since last request: 0.000032 seconds.
  path: Assets/AncientRuins/Prefabs/P_AncientRuins_Plants5.prefab
  artifactKey: Guid(6590d1475c038aa4b93f0bd863607c43) Importer(815301076,1909f56bfc062723c751e8b465ee728b)
Start importing Assets/AncientRuins/Prefabs/P_AncientRuins_Plants5.prefab using Guid(6590d1475c038aa4b93f0bd863607c43) Importer(815301076,1909f56bfc062723c751e8b465ee728b)  -> (artifact id: '3ea3680856a4273e77c287d84b061bb8') in 0.033260 seconds 
========================================================================
Received Import Request.
  Time since last request: 0.000057 seconds.
  path: Assets/AncientRuins/Prefabs/P_AncientRuins_Plants12.prefab
  artifactKey: Guid(66835405db591454a9031f7163b9ca47) Importer(815301076,1909f56bfc062723c751e8b465ee728b)
Start importing Assets/AncientRuins/Prefabs/P_AncientRuins_Plants12.prefab using Guid(66835405db591454a9031f7163b9ca47) Importer(815301076,1909f56bfc062723c751e8b465ee728b)  -> (artifact id: '14928a4700947ee0bfab454c4154e371') in 0.042160 seconds 
========================================================================
Received Import Request.
  Time since last request: 0.000037 seconds.
  path: Assets/AncientRuins/Prefabs/P_AncientRuins_Plants6.prefab
  artifactKey: Guid(3e787ca3a29cf244dbf2fe158e3885f1) Importer(815301076,1909f56bfc062723c751e8b465ee728b)
Start importing Assets/AncientRuins/Prefabs/P_AncientRuins_Plants6.prefab using Guid(3e787ca3a29cf244dbf2fe158e3885f1) Importer(815301076,1909f56bfc062723c751e8b465ee728b)  -> (artifact id: 'b30f09f7bcab92cb4a80b313bd9781d6') in 0.036353 seconds 
========================================================================
Received Import Request.
  Time since last request: 0.000030 seconds.
  path: Assets/AncientRuins/Prefabs/P_AncientRuins_Rock3.prefab
  artifactKey: Guid(146c2a915259cc94e9b603ae6968740c) Importer(815301076,1909f56bfc062723c751e8b465ee728b)
Start importing Assets/AncientRuins/Prefabs/P_AncientRuins_Rock3.prefab using Guid(146c2a915259cc94e9b603ae6968740c) Importer(815301076,1909f56bfc062723c751e8b465ee728b)  -> (artifact id: '1546b320a04c0d6b0a49ac00ce768e32') in 0.060097 seconds 
========================================================================
Received Import Request.
  Time since last request: 0.000032 seconds.
  path: Assets/AncientRuins/Prefabs/P_AncientRuins_Plants1.prefab
  artifactKey: Guid(4db3233dc9c33be4f811a172f364cc7d) Importer(815301076,1909f56bfc062723c751e8b465ee728b)
Start importing Assets/AncientRuins/Prefabs/P_AncientRuins_Plants1.prefab using Guid(4db3233dc9c33be4f811a172f364cc7d) Importer(815301076,1909f56bfc062723c751e8b465ee728b)  -> (artifact id: 'e295f70ed0084da77b335cec0f054f72') in 0.036630 seconds 
========================================================================
Received Import Request.
  Time since last request: 0.000045 seconds.
  path: Assets/AncientRuins/Prefabs/P_AncientRuins_Plants7.prefab
  artifactKey: Guid(4744d6b0290765d4d86e18dc69db121a) Importer(815301076,1909f56bfc062723c751e8b465ee728b)
Start importing Assets/AncientRuins/Prefabs/P_AncientRuins_Plants7.prefab using Guid(4744d6b0290765d4d86e18dc69db121a) Importer(815301076,1909f56bfc062723c751e8b465ee728b)  -> (artifact id: 'ec5f0d085c0e3bbc449b7d068e663242') in 0.037518 seconds 
========================================================================
Received Import Request.
  Time since last request: 0.000056 seconds.
  path: Assets/AncientRuins/Prefabs/P_AncientRuins_Plants11.prefab
  artifactKey: Guid(f1a980b88ddab6e4ea6fa53f1447a65b) Importer(815301076,1909f56bfc062723c751e8b465ee728b)
Start importing Assets/AncientRuins/Prefabs/P_AncientRuins_Plants11.prefab using Guid(f1a980b88ddab6e4ea6fa53f1447a65b) Importer(815301076,1909f56bfc062723c751e8b465ee728b)  -> (artifact id: '7bf5e45b65748313549984cca9cfec34') in 0.034279 seconds 
========================================================================
Received Import Request.
  Time since last request: 0.000036 seconds.
  path: Assets/AncientRuins/Prefabs/P_AncientRuins_Plants20.prefab
  artifactKey: Guid(0f122aa44cc65d94da315403d3555f7c) Importer(815301076,1909f56bfc062723c751e8b465ee728b)
Start importing Assets/AncientRuins/Prefabs/P_AncientRuins_Plants20.prefab using Guid(0f122aa44cc65d94da315403d3555f7c) Importer(815301076,1909f56bfc062723c751e8b465ee728b)  -> (artifact id: '97c6490f60982548aa33eabe92ad05b7') in 0.038570 seconds 
========================================================================
Received Import Request.
  Time since last request: 0.000027 seconds.
  path: Assets/AncientRuins/Prefabs/P_AncientRuins_Plants19.prefab
  artifactKey: Guid(13636e41ff4642d4287d07ef61c0b27c) Importer(815301076,1909f56bfc062723c751e8b465ee728b)
Start importing Assets/AncientRuins/Prefabs/P_AncientRuins_Plants19.prefab using Guid(13636e41ff4642d4287d07ef61c0b27c) Importer(815301076,1909f56bfc062723c751e8b465ee728b)  -> (artifact id: '379f36bc6ffeb9c4724dd7a997ec9bf3') in 0.043816 seconds 
Editor requested this worker to shutdown with reason: Scaling down because of idle timeout
AssetImportWorker is now disconnected from the server
Process exiting
Exiting without the bug reporter. Application will terminate with return code 0